<?xml version="1.0" encoding="UTF-8"?>
<robot generator="Robot 6.1.1 (Python 3.10.6 on win32)" generated="20240302 15:32:58.525" rpa="false" schemaversion="4">
<suite id="s1" name="Test-Plus" source="C:\Users\poul2\Desktop\code\soft-dev\devops_flow\robot_for_softdev_devops\test-plus.robot">
<test id="s1-t1" name="Test Calculate Numbers 4 and 2 (ฺBefore Using Keywords)" line="19">
<kw name="GET" library="RequestsLibrary">
<var>${resp}</var>
<arg>http://192.168.1.33:8000/plus/4/2</arg>
<doc>Sends a GET request.</doc>
<status status="FAIL" starttime="20240302 15:32:58.899" endtime="20240302 15:33:19.959"/>
</kw>
<kw name="Should Be Equal" library="BuiltIn">
<arg>${resp.status_code}</arg>
<arg>${200}</arg>
<doc>Fails if the given objects are unequal.</doc>
<status status="NOT RUN" starttime="20240302 15:33:19.961" endtime="20240302 15:33:19.961"/>
</kw>
<kw name="Evaluate" library="BuiltIn">
<var>${resp_text}</var>
<arg>"${resp.content.decode('utf-8')}"</arg>
<doc>Evaluates the given expression in Python and returns the result.</doc>
<status status="NOT RUN" starttime="20240302 15:33:19.961" endtime="20240302 15:33:19.961"/>
</kw>
<kw name="Convert To Integer" library="BuiltIn">
<var>${resp_value}</var>
<arg>${resp_text}</arg>
<doc>Converts the given item to an integer number.</doc>
<status status="NOT RUN" starttime="20240302 15:33:19.962" endtime="20240302 15:33:19.963"/>
</kw>
<kw name="Should Be Equal As Numbers" library="BuiltIn">
<arg>${resp_value}</arg>
<arg>${6}</arg>
<doc>Fails if objects are unequal after converting them to real numbers.</doc>
<status status="NOT RUN" starttime="20240302 15:33:19.964" endtime="20240302 15:33:19.964"/>
</kw>
<status status="FAIL" starttime="20240302 15:32:58.898" endtime="20240302 15:33:19.965">Execution terminated by signal</status>
</test>
<test id="s1-t2" name="Test Calculate Numbers 8.4 and 4" line="35">
<tag>robot:exit</tag>
<status status="FAIL" starttime="20240302 15:33:19.969" endtime="20240302 15:33:19.971">Test execution stopped due to a fatal error.</status>
</test>
<test id="s1-t3" name="Test isPrime Numbers 17" line="49">
<tag>robot:exit</tag>
<status status="FAIL" starttime="20240302 15:33:19.975" endtime="20240302 15:33:19.977">Test execution stopped due to a fatal error.</status>
</test>
<test id="s1-t4" name="Test isPrime Numbers 36" line="63">
<tag>robot:exit</tag>
<status status="FAIL" starttime="20240302 15:33:19.981" endtime="20240302 15:33:19.982">Test execution stopped due to a fatal error.</status>
</test>
<test id="s1-t5" name="Test isPrime Numbers 13219" line="73">
<tag>robot:exit</tag>
<status status="FAIL" starttime="20240302 15:33:19.986" endtime="20240302 15:33:19.988">Test execution stopped due to a fatal error.</status>
</test>
<test id="s1-t6" name="Test isPrime Numbers 7" line="83">
<tag>robot:exit</tag>
<status status="FAIL" starttime="20240302 15:33:19.991" endtime="20240302 15:33:19.993">Test execution stopped due to a fatal error.</status>
</test>
<status status="FAIL" starttime="20240302 15:32:58.529" endtime="20240302 15:33:19.998"/>
</suite>
<statistics>
<total>
<stat pass="0" fail="6" skip="0">All Tests</stat>
</total>
<tag>
<stat pass="0" fail="1" skip="0" info="combined" combined="NOT robot:exit">NOT robot:exit</stat>
</tag>
<suite>
<stat pass="0" fail="6" skip="0" id="s1" name="Test-Plus">Test-Plus</stat>
</suite>
</statistics>
<errors>
</errors>
</robot>
