<?xml version="1.0" encoding="UTF-8"?>
<robot generator="Robot 6.1.1 (Python 3.10.6 on win32)" generated="20240305 08:58:54.162" rpa="false" schemaversion="4">
<suite id="s1" name="Test-Plus" source="C:\Users\poul2\Desktop\code\soft-dev\devops_flow\robot_for_softdev_devops\test-plus.robot">
<test id="s1-t1" name="Test Calculate Numbers 4 and 2 (ฺBefore Using Keywords)" line="19">
<kw name="GET" library="RequestsLibrary">
<var>${resp}</var>
<arg>http://192.168.143.242:8000/plus/4/2</arg>
<doc>Sends a GET request.</doc>
<msg timestamp="20240305 08:58:54.313" level="INFO">GET Request : url=http://192.168.143.242:8000/plus/4/2 
 path_url=/plus/4/2 
 headers={'User-Agent': 'python-requests/2.31.0', 'Accept-Encoding': 'gzip, deflate', 'Accept': '*/*', 'Connection': 'keep-alive'} 
 body=None 
 </msg>
<msg timestamp="20240305 08:58:54.314" level="INFO">GET Response : url=http://192.168.143.242:8000/plus/4/2 
 status=200, reason=OK 
 headers={'Server': 'Werkzeug/2.2.3 Python/3.7.17', 'Date': 'Tue, 05 Mar 2024 01:58:55 GMT', 'Content-Type': 'text/html; charset=utf-8', 'Content-Length': '1', 'Connection': 'close'} 
 body=6 
 </msg>
<msg timestamp="20240305 08:58:54.314" level="INFO">${resp} = &lt;Response [200]&gt;</msg>
<status status="PASS" starttime="20240305 08:58:54.301" endtime="20240305 08:58:54.314"/>
</kw>
<kw name="Should Be Equal" library="BuiltIn">
<arg>${resp.status_code}</arg>
<arg>${200}</arg>
<doc>Fails if the given objects are unequal.</doc>
<status status="PASS" starttime="20240305 08:58:54.315" endtime="20240305 08:58:54.317"/>
</kw>
<kw name="Evaluate" library="BuiltIn">
<var>${resp_text}</var>
<arg>"${resp.content.decode('utf-8')}"</arg>
<doc>Evaluates the given expression in Python and returns the result.</doc>
<msg timestamp="20240305 08:58:54.318" level="INFO">${resp_text} = 6</msg>
<status status="PASS" starttime="20240305 08:58:54.317" endtime="20240305 08:58:54.318"/>
</kw>
<kw name="Convert To Integer" library="BuiltIn">
<var>${resp_value}</var>
<arg>${resp_text}</arg>
<doc>Converts the given item to an integer number.</doc>
<msg timestamp="20240305 08:58:54.319" level="INFO">${resp_value} = 6</msg>
<status status="PASS" starttime="20240305 08:58:54.319" endtime="20240305 08:58:54.319"/>
</kw>
<kw name="Should Be Equal As Numbers" library="BuiltIn">
<arg>${resp_value}</arg>
<arg>${6}</arg>
<doc>Fails if objects are unequal after converting them to real numbers.</doc>
<status status="PASS" starttime="20240305 08:58:54.320" endtime="20240305 08:58:54.321"/>
</kw>
<status status="PASS" starttime="20240305 08:58:54.300" endtime="20240305 08:58:54.322"/>
</test>
<test id="s1-t2" name="Test Calculate Numbers 8.4 and 4" line="35">
<kw name="Get Calculation Num">
<var>${n_resp}</var>
<arg>${8.4}</arg>
<arg>${4}</arg>
<kw name="GET" library="RequestsLibrary">
<var>${resp}</var>
<arg>http://192.168.143.242:8000/plus/${num1}/${num2}</arg>
<doc>Sends a GET request.</doc>
<msg timestamp="20240305 08:58:54.336" level="INFO">GET Request : url=http://192.168.143.242:8000/plus/8.4/4 
 path_url=/plus/8.4/4 
 headers={'User-Agent': 'python-requests/2.31.0', 'Accept-Encoding': 'gzip, deflate', 'Accept': '*/*', 'Connection': 'keep-alive'} 
 body=None 
 </msg>
<msg timestamp="20240305 08:58:54.336" level="INFO">GET Response : url=http://192.168.143.242:8000/plus/8.4/4 
 status=200, reason=OK 
 headers={'Server': 'Werkzeug/2.2.3 Python/3.7.17', 'Date': 'Tue, 05 Mar 2024 01:58:55 GMT', 'Content-Type': 'text/html; charset=utf-8', 'Content-Length': '4', 'Connection': 'close'} 
 body=12.4 
 </msg>
<msg timestamp="20240305 08:58:54.336" level="INFO">${resp} = &lt;Response [200]&gt;</msg>
<status status="PASS" starttime="20240305 08:58:54.325" endtime="20240305 08:58:54.336"/>
</kw>
<kw name="Should Be Equal" library="BuiltIn">
<arg>${resp.status_code}</arg>
<arg>${200}</arg>
<doc>Fails if the given objects are unequal.</doc>
<status status="PASS" starttime="20240305 08:58:54.336" endtime="20240305 08:58:54.338"/>
</kw>
<msg timestamp="20240305 08:58:54.338" level="INFO">${n_resp} = &lt;Response [200]&gt;</msg>
<status status="PASS" starttime="20240305 08:58:54.324" endtime="20240305 08:58:54.338"/>
</kw>
<kw name="Evaluate" library="BuiltIn">
<var>${resp_text}</var>
<arg>"${n_resp.content.decode('utf-8')}"</arg>
<doc>Evaluates the given expression in Python and returns the result.</doc>
<msg timestamp="20240305 08:58:54.340" level="INFO">${resp_text} = 12.4</msg>
<status status="PASS" starttime="20240305 08:58:54.339" endtime="20240305 08:58:54.340"/>
</kw>
<kw name="Evaluate" library="BuiltIn">
<var>${resp_value}</var>
<arg>float("${resp_text}")</arg>
<doc>Evaluates the given expression in Python and returns the result.</doc>
<msg timestamp="20240305 08:58:54.341" level="INFO">${resp_value} = 12.4</msg>
<status status="PASS" starttime="20240305 08:58:54.340" endtime="20240305 08:58:54.341"/>
</kw>
<kw name="Should Be Equal As Numbers" library="BuiltIn">
<arg>${resp_value}</arg>
<arg>${12.4}</arg>
<doc>Fails if objects are unequal after converting them to real numbers.</doc>
<status status="PASS" starttime="20240305 08:58:54.341" endtime="20240305 08:58:54.342"/>
</kw>
<status status="PASS" starttime="20240305 08:58:54.324" endtime="20240305 08:58:54.343"/>
</test>
<test id="s1-t3" name="Test isPrime Numbers 17" line="49">
<kw name="GET" library="RequestsLibrary">
<var>${resp}</var>
<arg>http://192.168.143.242:8000/is_prime/17</arg>
<doc>Sends a GET request.</doc>
<msg timestamp="20240305 08:58:54.353" level="INFO">GET Request : url=http://192.168.143.242:8000/is_prime/17 
 path_url=/is_prime/17 
 headers={'User-Agent': 'python-requests/2.31.0', 'Accept-Encoding': 'gzip, deflate', 'Accept': '*/*', 'Connection': 'keep-alive'} 
 body=None 
 </msg>
<msg timestamp="20240305 08:58:54.354" level="INFO">GET Response : url=http://192.168.143.242:8000/is_prime/17 
 status=200, reason=OK 
 headers={'Server': 'Werkzeug/2.2.3 Python/3.7.17', 'Date': 'Tue, 05 Mar 2024 01:58:55 GMT', 'Content-Type': 'text/html; charset=utf-8', 'Content-Length': '4', 'Connection': 'close'} 
 body=true 
 </msg>
<msg timestamp="20240305 08:58:54.354" level="INFO">${resp} = &lt;Response [200]&gt;</msg>
<status status="PASS" starttime="20240305 08:58:54.345" endtime="20240305 08:58:54.354"/>
</kw>
<kw name="Should Be Equal" library="BuiltIn">
<arg>${resp.status_code}</arg>
<arg>${200}</arg>
<doc>Fails if the given objects are unequal.</doc>
<status status="PASS" starttime="20240305 08:58:54.355" endtime="20240305 08:58:54.355"/>
</kw>
<kw name="Evaluate" library="BuiltIn">
<var>${resp_text}</var>
<arg>"${resp.content.decode('utf-8')}"</arg>
<doc>Evaluates the given expression in Python and returns the result.</doc>
<msg timestamp="20240305 08:58:54.358" level="INFO">${resp_text} = true</msg>
<status status="PASS" starttime="20240305 08:58:54.357" endtime="20240305 08:58:54.358"/>
</kw>
<kw name="Should Be Equal As Strings" library="BuiltIn">
<arg>${resp_text}</arg>
<arg>true</arg>
<doc>Fails if objects are unequal after converting them to strings.</doc>
<status status="PASS" starttime="20240305 08:58:54.358" endtime="20240305 08:58:54.358"/>
</kw>
<status status="PASS" starttime="20240305 08:58:54.344" endtime="20240305 08:58:54.360"/>
</test>
<test id="s1-t4" name="Test isPrime Numbers 36" line="63">
<kw name="GET" library="RequestsLibrary">
<var>${resp}</var>
<arg>http://192.168.143.242:8000/is_prime/36</arg>
<doc>Sends a GET request.</doc>
<msg timestamp="20240305 08:58:54.371" level="INFO">GET Request : url=http://192.168.143.242:8000/is_prime/36 
 path_url=/is_prime/36 
 headers={'User-Agent': 'python-requests/2.31.0', 'Accept-Encoding': 'gzip, deflate', 'Accept': '*/*', 'Connection': 'keep-alive'} 
 body=None 
 </msg>
<msg timestamp="20240305 08:58:54.371" level="INFO">GET Response : url=http://192.168.143.242:8000/is_prime/36 
 status=200, reason=OK 
 headers={'Server': 'Werkzeug/2.2.3 Python/3.7.17', 'Date': 'Tue, 05 Mar 2024 01:58:55 GMT', 'Content-Type': 'text/html; charset=utf-8', 'Content-Length': '5', 'Connection': 'close'} 
 body=false 
 </msg>
<msg timestamp="20240305 08:58:54.371" level="INFO">${resp} = &lt;Response [200]&gt;</msg>
<status status="PASS" starttime="20240305 08:58:54.361" endtime="20240305 08:58:54.371"/>
</kw>
<kw name="Should Be Equal" library="BuiltIn">
<arg>${resp.status_code}</arg>
<arg>${200}</arg>
<doc>Fails if the given objects are unequal.</doc>
<status status="PASS" starttime="20240305 08:58:54.372" endtime="20240305 08:58:54.374"/>
</kw>
<kw name="Should Be Equal As Strings" library="BuiltIn">
<arg>${resp.text}</arg>
<arg>false</arg>
<doc>Fails if objects are unequal after converting them to strings.</doc>
<status status="PASS" starttime="20240305 08:58:54.374" endtime="20240305 08:58:54.375"/>
</kw>
<status status="PASS" starttime="20240305 08:58:54.361" endtime="20240305 08:58:54.375"/>
</test>
<test id="s1-t5" name="Test isPrime Numbers 13219" line="73">
<kw name="GET" library="RequestsLibrary">
<var>${resp}</var>
<arg>http://192.168.143.242:8000/is_prime/13219</arg>
<doc>Sends a GET request.</doc>
<msg timestamp="20240305 08:58:54.385" level="INFO">GET Request : url=http://192.168.143.242:8000/is_prime/13219 
 path_url=/is_prime/13219 
 headers={'User-Agent': 'python-requests/2.31.0', 'Accept-Encoding': 'gzip, deflate', 'Accept': '*/*', 'Connection': 'keep-alive'} 
 body=None 
 </msg>
<msg timestamp="20240305 08:58:54.385" level="INFO">GET Response : url=http://192.168.143.242:8000/is_prime/13219 
 status=200, reason=OK 
 headers={'Server': 'Werkzeug/2.2.3 Python/3.7.17', 'Date': 'Tue, 05 Mar 2024 01:58:55 GMT', 'Content-Type': 'text/html; charset=utf-8', 'Content-Length': '4', 'Connection': 'close'} 
 body=true 
 </msg>
<msg timestamp="20240305 08:58:54.386" level="INFO">${resp} = &lt;Response [200]&gt;</msg>
<status status="PASS" starttime="20240305 08:58:54.377" endtime="20240305 08:58:54.386"/>
</kw>
<kw name="Should Be Equal" library="BuiltIn">
<arg>${resp.status_code}</arg>
<arg>${200}</arg>
<doc>Fails if the given objects are unequal.</doc>
<status status="PASS" starttime="20240305 08:58:54.386" endtime="20240305 08:58:54.386"/>
</kw>
<kw name="Should Be Equal As Strings" library="BuiltIn">
<arg>${resp.text}</arg>
<arg>true</arg>
<doc>Fails if objects are unequal after converting them to strings.</doc>
<status status="PASS" starttime="20240305 08:58:54.387" endtime="20240305 08:58:54.389"/>
</kw>
<status status="PASS" starttime="20240305 08:58:54.376" endtime="20240305 08:58:54.389"/>
</test>
<test id="s1-t6" name="Test isPrime Numbers 7" line="83">
<kw name="GET" library="RequestsLibrary">
<var>${resp}</var>
<arg>http://192.168.143.242:8000/is_prime/7</arg>
<doc>Sends a GET request.</doc>
<msg timestamp="20240305 08:58:54.403" level="INFO">GET Request : url=http://192.168.143.242:8000/is_prime/7 
 path_url=/is_prime/7 
 headers={'User-Agent': 'python-requests/2.31.0', 'Accept-Encoding': 'gzip, deflate', 'Accept': '*/*', 'Connection': 'keep-alive'} 
 body=None 
 </msg>
<msg timestamp="20240305 08:58:54.403" level="INFO">GET Response : url=http://192.168.143.242:8000/is_prime/7 
 status=200, reason=OK 
 headers={'Server': 'Werkzeug/2.2.3 Python/3.7.17', 'Date': 'Tue, 05 Mar 2024 01:58:55 GMT', 'Content-Type': 'text/html; charset=utf-8', 'Content-Length': '4', 'Connection': 'close'} 
 body=true 
 </msg>
<msg timestamp="20240305 08:58:54.403" level="INFO">${resp} = &lt;Response [200]&gt;</msg>
<status status="PASS" starttime="20240305 08:58:54.392" endtime="20240305 08:58:54.403"/>
</kw>
<kw name="Should Be Equal" library="BuiltIn">
<arg>${resp.status_code}</arg>
<arg>${200}</arg>
<doc>Fails if the given objects are unequal.</doc>
<status status="PASS" starttime="20240305 08:58:54.404" endtime="20240305 08:58:54.406"/>
</kw>
<kw name="Should Be Equal As Strings" library="BuiltIn">
<arg>${resp.text}</arg>
<arg>true</arg>
<doc>Fails if objects are unequal after converting them to strings.</doc>
<status status="PASS" starttime="20240305 08:58:54.407" endtime="20240305 08:58:54.408"/>
</kw>
<status status="PASS" starttime="20240305 08:58:54.391" endtime="20240305 08:58:54.408"/>
</test>
<test id="s1-t7" name="Test isPalindrome Numbers 121" line="93">
<kw name="GET" library="RequestsLibrary">
<var>${resp}</var>
<arg>http://192.168.143.242:8000/palindrome/121</arg>
<doc>Sends a GET request.</doc>
<msg timestamp="20240305 08:58:54.420" level="INFO">GET Request : url=http://192.168.143.242:8000/palindrome/121 
 path_url=/palindrome/121 
 headers={'User-Agent': 'python-requests/2.31.0', 'Accept-Encoding': 'gzip, deflate', 'Accept': '*/*', 'Connection': 'keep-alive'} 
 body=None 
 </msg>
<msg timestamp="20240305 08:58:54.420" level="INFO">GET Response : url=http://192.168.143.242:8000/palindrome/121 
 status=200, reason=OK 
 headers={'Server': 'Werkzeug/2.2.3 Python/3.7.17', 'Date': 'Tue, 05 Mar 2024 01:58:55 GMT', 'Content-Type': 'text/html; charset=utf-8', 'Content-Length': '4', 'Connection': 'close'} 
 body=true 
 </msg>
<msg timestamp="20240305 08:58:54.420" level="INFO">${resp} = &lt;Response [200]&gt;</msg>
<status status="PASS" starttime="20240305 08:58:54.411" endtime="20240305 08:58:54.420"/>
</kw>
<kw name="Should Be Equal" library="BuiltIn">
<arg>${resp.status_code}</arg>
<arg>${200}</arg>
<doc>Fails if the given objects are unequal.</doc>
<status status="PASS" starttime="20240305 08:58:54.421" endtime="20240305 08:58:54.422"/>
</kw>
<kw name="Should Be Equal As Strings" library="BuiltIn">
<arg>${resp.text}</arg>
<arg>true</arg>
<doc>Fails if objects are unequal after converting them to strings.</doc>
<status status="PASS" starttime="20240305 08:58:54.423" endtime="20240305 08:58:54.423"/>
</kw>
<status status="PASS" starttime="20240305 08:58:54.410" endtime="20240305 08:58:54.424"/>
</test>
<test id="s1-t8" name="Test isPalindrome Numbers 1221" line="103">
<kw name="GET" library="RequestsLibrary">
<var>${resp}</var>
<arg>http://192.168.143.242:8000/palindrome/1221</arg>
<doc>Sends a GET request.</doc>
<msg timestamp="20240305 08:58:54.435" level="INFO">GET Request : url=http://192.168.143.242:8000/palindrome/1221 
 path_url=/palindrome/1221 
 headers={'User-Agent': 'python-requests/2.31.0', 'Accept-Encoding': 'gzip, deflate', 'Accept': '*/*', 'Connection': 'keep-alive'} 
 body=None 
 </msg>
<msg timestamp="20240305 08:58:54.435" level="INFO">GET Response : url=http://192.168.143.242:8000/palindrome/1221 
 status=200, reason=OK 
 headers={'Server': 'Werkzeug/2.2.3 Python/3.7.17', 'Date': 'Tue, 05 Mar 2024 01:58:55 GMT', 'Content-Type': 'text/html; charset=utf-8', 'Content-Length': '4', 'Connection': 'close'} 
 body=true 
 </msg>
<msg timestamp="20240305 08:58:54.435" level="INFO">${resp} = &lt;Response [200]&gt;</msg>
<status status="PASS" starttime="20240305 08:58:54.426" endtime="20240305 08:58:54.435"/>
</kw>
<kw name="Should Be Equal" library="BuiltIn">
<arg>${resp.status_code}</arg>
<arg>${200}</arg>
<doc>Fails if the given objects are unequal.</doc>
<status status="PASS" starttime="20240305 08:58:54.436" endtime="20240305 08:58:54.437"/>
</kw>
<kw name="Should Be Equal As Strings" library="BuiltIn">
<arg>${resp.text}</arg>
<arg>true</arg>
<doc>Fails if objects are unequal after converting them to strings.</doc>
<status status="PASS" starttime="20240305 08:58:54.437" endtime="20240305 08:58:54.437"/>
</kw>
<status status="PASS" starttime="20240305 08:58:54.426" endtime="20240305 08:58:54.438"/>
</test>
<test id="s1-t9" name="Test isPalindrome Numbers 1231" line="113">
<kw name="GET" library="RequestsLibrary">
<var>${resp}</var>
<arg>http://192.168.143.242:8000/palindrome/1231</arg>
<doc>Sends a GET request.</doc>
<msg timestamp="20240305 08:58:54.446" level="INFO">GET Request : url=http://192.168.143.242:8000/palindrome/1231 
 path_url=/palindrome/1231 
 headers={'User-Agent': 'python-requests/2.31.0', 'Accept-Encoding': 'gzip, deflate', 'Accept': '*/*', 'Connection': 'keep-alive'} 
 body=None 
 </msg>
<msg timestamp="20240305 08:58:54.446" level="INFO">GET Response : url=http://192.168.143.242:8000/palindrome/1231 
 status=200, reason=OK 
 headers={'Server': 'Werkzeug/2.2.3 Python/3.7.17', 'Date': 'Tue, 05 Mar 2024 01:58:55 GMT', 'Content-Type': 'text/html; charset=utf-8', 'Content-Length': '5', 'Connection': 'close'} 
 body=false 
 </msg>
<msg timestamp="20240305 08:58:54.447" level="INFO">${resp} = &lt;Response [200]&gt;</msg>
<status status="PASS" starttime="20240305 08:58:54.440" endtime="20240305 08:58:54.447"/>
</kw>
<kw name="Should Be Equal" library="BuiltIn">
<arg>${resp.status_code}</arg>
<arg>${200}</arg>
<doc>Fails if the given objects are unequal.</doc>
<status status="PASS" starttime="20240305 08:58:54.447" endtime="20240305 08:58:54.449"/>
</kw>
<kw name="Should Be Equal As Strings" library="BuiltIn">
<arg>${resp.text}</arg>
<arg>false</arg>
<doc>Fails if objects are unequal after converting them to strings.</doc>
<status status="PASS" starttime="20240305 08:58:54.450" endtime="20240305 08:58:54.450"/>
</kw>
<status status="PASS" starttime="20240305 08:58:54.439" endtime="20240305 08:58:54.450"/>
</test>
<test id="s1-t10" name="Test isMul Number 9" line="124">
<kw name="GET" library="RequestsLibrary">
<var>${resp}</var>
<arg>http://192.168.143.242:8000/mul/4.5/2</arg>
<doc>Sends a GET request.</doc>
<msg timestamp="20240305 08:58:54.458" level="INFO">GET Request : url=http://192.168.143.242:8000/mul/4.5/2 
 path_url=/mul/4.5/2 
 headers={'User-Agent': 'python-requests/2.31.0', 'Accept-Encoding': 'gzip, deflate', 'Accept': '*/*', 'Connection': 'keep-alive'} 
 body=None 
 </msg>
<msg timestamp="20240305 08:58:54.458" level="INFO">GET Response : url=http://192.168.143.242:8000/mul/4.5/2 
 status=200, reason=OK 
 headers={'Server': 'Werkzeug/2.2.3 Python/3.7.17', 'Date': 'Tue, 05 Mar 2024 01:58:55 GMT', 'Content-Type': 'text/html; charset=utf-8', 'Content-Length': '3', 'Connection': 'close'} 
 body=9.0 
 </msg>
<msg timestamp="20240305 08:58:54.458" level="INFO">${resp} = &lt;Response [200]&gt;</msg>
<status status="PASS" starttime="20240305 08:58:54.452" endtime="20240305 08:58:54.458"/>
</kw>
<kw name="Should Be Equal" library="BuiltIn">
<arg>${resp.status_code}</arg>
<arg>${200}</arg>
<doc>Fails if the given objects are unequal.</doc>
<status status="PASS" starttime="20240305 08:58:54.459" endtime="20240305 08:58:54.460"/>
</kw>
<kw name="Should Be Equal As Strings" library="BuiltIn">
<arg>${resp.text}</arg>
<arg>9.0</arg>
<doc>Fails if objects are unequal after converting them to strings.</doc>
<status status="PASS" starttime="20240305 08:58:54.460" endtime="20240305 08:58:54.460"/>
</kw>
<status status="PASS" starttime="20240305 08:58:54.451" endtime="20240305 08:58:54.461"/>
</test>
<status status="PASS" starttime="20240305 08:58:54.165" endtime="20240305 08:58:54.463"/>
</suite>
<statistics>
<total>
<stat pass="10" fail="0" skip="0">All Tests</stat>
</total>
<tag>
</tag>
<suite>
<stat pass="10" fail="0" skip="0" id="s1" name="Test-Plus">Test-Plus</stat>
</suite>
</statistics>
<errors>
</errors>
</robot>
