<?xml version="1.0" encoding="UTF-8"?>
<robot generator="Robot 6.1.1 (Python 3.10.6 on win32)" generated="20240303 12:47:35.898" rpa="false" schemaversion="4">
<suite id="s1" name="Test-Plus" source="C:\Users\poul2\Desktop\code\soft-dev\devops_flow\robot_for_softdev_devops\test-plus.robot">
<test id="s1-t1" name="Test Calculate Numbers 4 and 2 (ฺBefore Using Keywords)" line="19">
<kw name="GET" library="RequestsLibrary">
<var>${resp}</var>
<arg>http://192.168.143.242:8000/plus/4/2</arg>
<doc>Sends a GET request.</doc>
<msg timestamp="20240303 12:47:36.105" level="INFO">GET Request : url=http://192.168.143.242:8000/plus/4/2 
 path_url=/plus/4/2 
 headers={'User-Agent': 'python-requests/2.31.0', 'Accept-Encoding': 'gzip, deflate', 'Accept': '*/*', 'Connection': 'keep-alive'} 
 body=None 
 </msg>
<msg timestamp="20240303 12:47:36.105" level="INFO">GET Response : url=http://192.168.143.242:8000/plus/4/2 
 status=200, reason=OK 
 headers={'Server': 'Werkzeug/2.2.3 Python/3.7.17', 'Date': 'Sun, 03 Mar 2024 05:47:35 GMT', 'Content-Type': 'text/html; charset=utf-8', 'Content-Length': '1', 'Connection': 'close'} 
 body=6 
 </msg>
<msg timestamp="20240303 12:47:36.105" level="INFO">${resp} = &lt;Response [200]&gt;</msg>
<status status="PASS" starttime="20240303 12:47:36.091" endtime="20240303 12:47:36.105"/>
</kw>
<kw name="Should Be Equal" library="BuiltIn">
<arg>${resp.status_code}</arg>
<arg>${200}</arg>
<doc>Fails if the given objects are unequal.</doc>
<status status="PASS" starttime="20240303 12:47:36.106" endtime="20240303 12:47:36.108"/>
</kw>
<kw name="Evaluate" library="BuiltIn">
<var>${resp_text}</var>
<arg>"${resp.content.decode('utf-8')}"</arg>
<doc>Evaluates the given expression in Python and returns the result.</doc>
<msg timestamp="20240303 12:47:36.110" level="INFO">${resp_text} = 6</msg>
<status status="PASS" starttime="20240303 12:47:36.109" endtime="20240303 12:47:36.110"/>
</kw>
<kw name="Convert To Integer" library="BuiltIn">
<var>${resp_value}</var>
<arg>${resp_text}</arg>
<doc>Converts the given item to an integer number.</doc>
<msg timestamp="20240303 12:47:36.111" level="INFO">${resp_value} = 6</msg>
<status status="PASS" starttime="20240303 12:47:36.111" endtime="20240303 12:47:36.111"/>
</kw>
<kw name="Should Be Equal As Numbers" library="BuiltIn">
<arg>${resp_value}</arg>
<arg>${6}</arg>
<doc>Fails if objects are unequal after converting them to real numbers.</doc>
<status status="PASS" starttime="20240303 12:47:36.112" endtime="20240303 12:47:36.113"/>
</kw>
<status status="PASS" starttime="20240303 12:47:36.090" endtime="20240303 12:47:36.113"/>
</test>
<test id="s1-t2" name="Test Calculate Numbers 8.4 and 4" line="35">
<kw name="Get Calculation Num">
<var>${n_resp}</var>
<arg>${8.4}</arg>
<arg>${4}</arg>
<kw name="GET" library="RequestsLibrary">
<var>${resp}</var>
<arg>http://192.168.143.242:8000/plus/${num1}/${num2}</arg>
<doc>Sends a GET request.</doc>
<msg timestamp="20240303 12:47:36.128" level="INFO">GET Request : url=http://192.168.143.242:8000/plus/8.4/4 
 path_url=/plus/8.4/4 
 headers={'User-Agent': 'python-requests/2.31.0', 'Accept-Encoding': 'gzip, deflate', 'Accept': '*/*', 'Connection': 'keep-alive'} 
 body=None 
 </msg>
<msg timestamp="20240303 12:47:36.128" level="INFO">GET Response : url=http://192.168.143.242:8000/plus/8.4/4 
 status=200, reason=OK 
 headers={'Server': 'Werkzeug/2.2.3 Python/3.7.17', 'Date': 'Sun, 03 Mar 2024 05:47:36 GMT', 'Content-Type': 'text/html; charset=utf-8', 'Content-Length': '4', 'Connection': 'close'} 
 body=12.4 
 </msg>
<msg timestamp="20240303 12:47:36.128" level="INFO">${resp} = &lt;Response [200]&gt;</msg>
<status status="PASS" starttime="20240303 12:47:36.116" endtime="20240303 12:47:36.128"/>
</kw>
<kw name="Should Be Equal" library="BuiltIn">
<arg>${resp.status_code}</arg>
<arg>${200}</arg>
<doc>Fails if the given objects are unequal.</doc>
<status status="PASS" starttime="20240303 12:47:36.128" endtime="20240303 12:47:36.129"/>
</kw>
<msg timestamp="20240303 12:47:36.129" level="INFO">${n_resp} = &lt;Response [200]&gt;</msg>
<status status="PASS" starttime="20240303 12:47:36.116" endtime="20240303 12:47:36.129"/>
</kw>
<kw name="Evaluate" library="BuiltIn">
<var>${resp_text}</var>
<arg>"${n_resp.content.decode('utf-8')}"</arg>
<doc>Evaluates the given expression in Python and returns the result.</doc>
<msg timestamp="20240303 12:47:36.131" level="INFO">${resp_text} = 12.4</msg>
<status status="PASS" starttime="20240303 12:47:36.130" endtime="20240303 12:47:36.131"/>
</kw>
<kw name="Evaluate" library="BuiltIn">
<var>${resp_value}</var>
<arg>float("${resp_text}")</arg>
<doc>Evaluates the given expression in Python and returns the result.</doc>
<msg timestamp="20240303 12:47:36.131" level="INFO">${resp_value} = 12.4</msg>
<status status="PASS" starttime="20240303 12:47:36.131" endtime="20240303 12:47:36.132"/>
</kw>
<kw name="Should Be Equal As Numbers" library="BuiltIn">
<arg>${resp_value}</arg>
<arg>${12.4}</arg>
<doc>Fails if objects are unequal after converting them to real numbers.</doc>
<status status="PASS" starttime="20240303 12:47:36.132" endtime="20240303 12:47:36.132"/>
</kw>
<status status="PASS" starttime="20240303 12:47:36.114" endtime="20240303 12:47:36.133"/>
</test>
<test id="s1-t3" name="Test isPrime Numbers 17" line="49">
<kw name="GET" library="RequestsLibrary">
<var>${resp}</var>
<arg>http://192.168.143.242:8000/is_prime/17</arg>
<doc>Sends a GET request.</doc>
<msg timestamp="20240303 12:47:36.144" level="INFO">GET Request : url=http://192.168.143.242:8000/is_prime/17 
 path_url=/is_prime/17 
 headers={'User-Agent': 'python-requests/2.31.0', 'Accept-Encoding': 'gzip, deflate', 'Accept': '*/*', 'Connection': 'keep-alive'} 
 body=None 
 </msg>
<msg timestamp="20240303 12:47:36.144" level="INFO">GET Response : url=http://192.168.143.242:8000/is_prime/17 
 status=200, reason=OK 
 headers={'Server': 'Werkzeug/2.2.3 Python/3.7.17', 'Date': 'Sun, 03 Mar 2024 05:47:36 GMT', 'Content-Type': 'text/html; charset=utf-8', 'Content-Length': '4', 'Connection': 'close'} 
 body=true 
 </msg>
<msg timestamp="20240303 12:47:36.145" level="INFO">${resp} = &lt;Response [200]&gt;</msg>
<status status="PASS" starttime="20240303 12:47:36.134" endtime="20240303 12:47:36.145"/>
</kw>
<kw name="Should Be Equal" library="BuiltIn">
<arg>${resp.status_code}</arg>
<arg>${200}</arg>
<doc>Fails if the given objects are unequal.</doc>
<status status="PASS" starttime="20240303 12:47:36.145" endtime="20240303 12:47:36.147"/>
</kw>
<kw name="Evaluate" library="BuiltIn">
<var>${resp_text}</var>
<arg>"${resp.content.decode('utf-8')}"</arg>
<doc>Evaluates the given expression in Python and returns the result.</doc>
<msg timestamp="20240303 12:47:36.149" level="INFO">${resp_text} = true</msg>
<status status="PASS" starttime="20240303 12:47:36.148" endtime="20240303 12:47:36.149"/>
</kw>
<kw name="Should Be Equal As Strings" library="BuiltIn">
<arg>${resp_text}</arg>
<arg>true</arg>
<doc>Fails if objects are unequal after converting them to strings.</doc>
<status status="PASS" starttime="20240303 12:47:36.149" endtime="20240303 12:47:36.150"/>
</kw>
<status status="PASS" starttime="20240303 12:47:36.134" endtime="20240303 12:47:36.151"/>
</test>
<test id="s1-t4" name="Test isPrime Numbers 36" line="63">
<kw name="GET" library="RequestsLibrary">
<var>${resp}</var>
<arg>http://192.168.143.242:8000/is_prime/36</arg>
<doc>Sends a GET request.</doc>
<msg timestamp="20240303 12:47:36.164" level="INFO">GET Request : url=http://192.168.143.242:8000/is_prime/36 
 path_url=/is_prime/36 
 headers={'User-Agent': 'python-requests/2.31.0', 'Accept-Encoding': 'gzip, deflate', 'Accept': '*/*', 'Connection': 'keep-alive'} 
 body=None 
 </msg>
<msg timestamp="20240303 12:47:36.164" level="INFO">GET Response : url=http://192.168.143.242:8000/is_prime/36 
 status=200, reason=OK 
 headers={'Server': 'Werkzeug/2.2.3 Python/3.7.17', 'Date': 'Sun, 03 Mar 2024 05:47:36 GMT', 'Content-Type': 'text/html; charset=utf-8', 'Content-Length': '5', 'Connection': 'close'} 
 body=false 
 </msg>
<msg timestamp="20240303 12:47:36.164" level="INFO">${resp} = &lt;Response [200]&gt;</msg>
<status status="PASS" starttime="20240303 12:47:36.153" endtime="20240303 12:47:36.164"/>
</kw>
<kw name="Should Be Equal" library="BuiltIn">
<arg>${resp.status_code}</arg>
<arg>${200}</arg>
<doc>Fails if the given objects are unequal.</doc>
<status status="PASS" starttime="20240303 12:47:36.165" endtime="20240303 12:47:36.167"/>
</kw>
<kw name="Should Be Equal As Strings" library="BuiltIn">
<arg>${resp.text}</arg>
<arg>false</arg>
<doc>Fails if objects are unequal after converting them to strings.</doc>
<status status="PASS" starttime="20240303 12:47:36.168" endtime="20240303 12:47:36.169"/>
</kw>
<status status="PASS" starttime="20240303 12:47:36.153" endtime="20240303 12:47:36.169"/>
</test>
<test id="s1-t5" name="Test isPrime Numbers 13219" line="73">
<kw name="GET" library="RequestsLibrary">
<var>${resp}</var>
<arg>http://192.168.143.242:8000/is_prime/13219</arg>
<doc>Sends a GET request.</doc>
<msg timestamp="20240303 12:47:36.188" level="INFO">GET Request : url=http://192.168.143.242:8000/is_prime/13219 
 path_url=/is_prime/13219 
 headers={'User-Agent': 'python-requests/2.31.0', 'Accept-Encoding': 'gzip, deflate', 'Accept': '*/*', 'Connection': 'keep-alive'} 
 body=None 
 </msg>
<msg timestamp="20240303 12:47:36.188" level="INFO">GET Response : url=http://192.168.143.242:8000/is_prime/13219 
 status=200, reason=OK 
 headers={'Server': 'Werkzeug/2.2.3 Python/3.7.17', 'Date': 'Sun, 03 Mar 2024 05:47:36 GMT', 'Content-Type': 'text/html; charset=utf-8', 'Content-Length': '4', 'Connection': 'close'} 
 body=true 
 </msg>
<msg timestamp="20240303 12:47:36.188" level="INFO">${resp} = &lt;Response [200]&gt;</msg>
<status status="PASS" starttime="20240303 12:47:36.172" endtime="20240303 12:47:36.188"/>
</kw>
<kw name="Should Be Equal" library="BuiltIn">
<arg>${resp.status_code}</arg>
<arg>${200}</arg>
<doc>Fails if the given objects are unequal.</doc>
<status status="PASS" starttime="20240303 12:47:36.189" endtime="20240303 12:47:36.191"/>
</kw>
<kw name="Should Be Equal As Strings" library="BuiltIn">
<arg>${resp.text}</arg>
<arg>true</arg>
<doc>Fails if objects are unequal after converting them to strings.</doc>
<status status="PASS" starttime="20240303 12:47:36.192" endtime="20240303 12:47:36.194"/>
</kw>
<status status="PASS" starttime="20240303 12:47:36.172" endtime="20240303 12:47:36.195"/>
</test>
<test id="s1-t6" name="Test isPrime Numbers 7" line="83">
<kw name="GET" library="RequestsLibrary">
<var>${resp}</var>
<arg>http://192.168.143.242:8000/is_prime/7</arg>
<doc>Sends a GET request.</doc>
<msg timestamp="20240303 12:47:36.213" level="INFO">GET Request : url=http://192.168.143.242:8000/is_prime/7 
 path_url=/is_prime/7 
 headers={'User-Agent': 'python-requests/2.31.0', 'Accept-Encoding': 'gzip, deflate', 'Accept': '*/*', 'Connection': 'keep-alive'} 
 body=None 
 </msg>
<msg timestamp="20240303 12:47:36.214" level="INFO">GET Response : url=http://192.168.143.242:8000/is_prime/7 
 status=200, reason=OK 
 headers={'Server': 'Werkzeug/2.2.3 Python/3.7.17', 'Date': 'Sun, 03 Mar 2024 05:47:36 GMT', 'Content-Type': 'text/html; charset=utf-8', 'Content-Length': '4', 'Connection': 'close'} 
 body=true 
 </msg>
<msg timestamp="20240303 12:47:36.214" level="INFO">${resp} = &lt;Response [200]&gt;</msg>
<status status="PASS" starttime="20240303 12:47:36.200" endtime="20240303 12:47:36.214"/>
</kw>
<kw name="Should Be Equal" library="BuiltIn">
<arg>${resp.status_code}</arg>
<arg>${200}</arg>
<doc>Fails if the given objects are unequal.</doc>
<status status="PASS" starttime="20240303 12:47:36.215" endtime="20240303 12:47:36.217"/>
</kw>
<kw name="Should Be Equal As Strings" library="BuiltIn">
<arg>${resp.text}</arg>
<arg>true</arg>
<doc>Fails if objects are unequal after converting them to strings.</doc>
<status status="PASS" starttime="20240303 12:47:36.219" endtime="20240303 12:47:36.220"/>
</kw>
<status status="PASS" starttime="20240303 12:47:36.199" endtime="20240303 12:47:36.221"/>
</test>
<test id="s1-t7" name="Test isPalindrome Numbers 121" line="93">
<kw name="GET" library="RequestsLibrary">
<var>${resp}</var>
<arg>http://192.168.143.242:8000/palindrome/121</arg>
<doc>Sends a GET request.</doc>
<msg timestamp="20240303 12:47:36.237" level="INFO">GET Request : url=http://192.168.143.242:8000/palindrome/121 
 path_url=/palindrome/121 
 headers={'User-Agent': 'python-requests/2.31.0', 'Accept-Encoding': 'gzip, deflate', 'Accept': '*/*', 'Connection': 'keep-alive'} 
 body=None 
 </msg>
<msg timestamp="20240303 12:47:36.238" level="INFO">GET Response : url=http://192.168.143.242:8000/palindrome/121 
 status=404, reason=NOT FOUND 
 headers={'Server': 'Werkzeug/2.2.3 Python/3.7.17', 'Date': 'Sun, 03 Mar 2024 05:47:36 GMT', 'Content-Type': 'text/html; charset=utf-8', 'Content-Length': '207', 'Connection': 'close'} 
 body=&lt;!doctype html&gt;
&lt;html lang=en&gt;
&lt;title&gt;404 Not Found&lt;/title&gt;
&lt;h1&gt;Not Found&lt;/h1&gt;
&lt;p&gt;The requested URL was not found on the server. If you entered the URL manually please check your spelling and try again.&lt;/p&gt;
 
 </msg>
<msg timestamp="20240303 12:47:36.238" level="FAIL">HTTPError: 404 Client Error: NOT FOUND for url: http://192.168.143.242:8000/palindrome/121</msg>
<status status="FAIL" starttime="20240303 12:47:36.224" endtime="20240303 12:47:36.241"/>
</kw>
<kw name="Should Be Equal" library="BuiltIn">
<arg>${resp.status_code}</arg>
<arg>${200}</arg>
<doc>Fails if the given objects are unequal.</doc>
<status status="NOT RUN" starttime="20240303 12:47:36.242" endtime="20240303 12:47:36.243"/>
</kw>
<kw name="Should Be Equal As Strings" library="BuiltIn">
<arg>${resp.text}</arg>
<arg>true</arg>
<doc>Fails if objects are unequal after converting them to strings.</doc>
<status status="NOT RUN" starttime="20240303 12:47:36.244" endtime="20240303 12:47:36.244"/>
</kw>
<status status="FAIL" starttime="20240303 12:47:36.223" endtime="20240303 12:47:36.245">HTTPError: 404 Client Error: NOT FOUND for url: http://192.168.143.242:8000/palindrome/121</status>
</test>
<test id="s1-t8" name="Test isPalindrome Numbers 1221" line="103">
<kw name="GET" library="RequestsLibrary">
<var>${resp}</var>
<arg>http://192.168.143.242:8000/palindrome/1221</arg>
<doc>Sends a GET request.</doc>
<msg timestamp="20240303 12:47:36.263" level="INFO">GET Request : url=http://192.168.143.242:8000/palindrome/1221 
 path_url=/palindrome/1221 
 headers={'User-Agent': 'python-requests/2.31.0', 'Accept-Encoding': 'gzip, deflate', 'Accept': '*/*', 'Connection': 'keep-alive'} 
 body=None 
 </msg>
<msg timestamp="20240303 12:47:36.263" level="INFO">GET Response : url=http://192.168.143.242:8000/palindrome/1221 
 status=404, reason=NOT FOUND 
 headers={'Server': 'Werkzeug/2.2.3 Python/3.7.17', 'Date': 'Sun, 03 Mar 2024 05:47:36 GMT', 'Content-Type': 'text/html; charset=utf-8', 'Content-Length': '207', 'Connection': 'close'} 
 body=&lt;!doctype html&gt;
&lt;html lang=en&gt;
&lt;title&gt;404 Not Found&lt;/title&gt;
&lt;h1&gt;Not Found&lt;/h1&gt;
&lt;p&gt;The requested URL was not found on the server. If you entered the URL manually please check your spelling and try again.&lt;/p&gt;
 
 </msg>
<msg timestamp="20240303 12:47:36.264" level="FAIL">HTTPError: 404 Client Error: NOT FOUND for url: http://192.168.143.242:8000/palindrome/1221</msg>
<status status="FAIL" starttime="20240303 12:47:36.251" endtime="20240303 12:47:36.265"/>
</kw>
<kw name="Should Be Equal" library="BuiltIn">
<arg>${resp.status_code}</arg>
<arg>${200}</arg>
<doc>Fails if the given objects are unequal.</doc>
<status status="NOT RUN" starttime="20240303 12:47:36.266" endtime="20240303 12:47:36.267"/>
</kw>
<kw name="Should Be Equal As Strings" library="BuiltIn">
<arg>${resp.text}</arg>
<arg>true</arg>
<doc>Fails if objects are unequal after converting them to strings.</doc>
<status status="NOT RUN" starttime="20240303 12:47:36.268" endtime="20240303 12:47:36.268"/>
</kw>
<status status="FAIL" starttime="20240303 12:47:36.249" endtime="20240303 12:47:36.269">HTTPError: 404 Client Error: NOT FOUND for url: http://192.168.143.242:8000/palindrome/1221</status>
</test>
<test id="s1-t9" name="Test isPalindrome Numbers 1231" line="113">
<kw name="GET" library="RequestsLibrary">
<var>${resp}</var>
<arg>http://192.168.143.242:8000/palindrome/1231</arg>
<doc>Sends a GET request.</doc>
<msg timestamp="20240303 12:47:36.286" level="INFO">GET Request : url=http://192.168.143.242:8000/palindrome/1231 
 path_url=/palindrome/1231 
 headers={'User-Agent': 'python-requests/2.31.0', 'Accept-Encoding': 'gzip, deflate', 'Accept': '*/*', 'Connection': 'keep-alive'} 
 body=None 
 </msg>
<msg timestamp="20240303 12:47:36.286" level="INFO">GET Response : url=http://192.168.143.242:8000/palindrome/1231 
 status=404, reason=NOT FOUND 
 headers={'Server': 'Werkzeug/2.2.3 Python/3.7.17', 'Date': 'Sun, 03 Mar 2024 05:47:36 GMT', 'Content-Type': 'text/html; charset=utf-8', 'Content-Length': '207', 'Connection': 'close'} 
 body=&lt;!doctype html&gt;
&lt;html lang=en&gt;
&lt;title&gt;404 Not Found&lt;/title&gt;
&lt;h1&gt;Not Found&lt;/h1&gt;
&lt;p&gt;The requested URL was not found on the server. If you entered the URL manually please check your spelling and try again.&lt;/p&gt;
 
 </msg>
<msg timestamp="20240303 12:47:36.286" level="FAIL">HTTPError: 404 Client Error: NOT FOUND for url: http://192.168.143.242:8000/palindrome/1231</msg>
<status status="FAIL" starttime="20240303 12:47:36.273" endtime="20240303 12:47:36.287"/>
</kw>
<kw name="Should Be Equal" library="BuiltIn">
<arg>${resp.status_code}</arg>
<arg>${200}</arg>
<doc>Fails if the given objects are unequal.</doc>
<status status="NOT RUN" starttime="20240303 12:47:36.288" endtime="20240303 12:47:36.289"/>
</kw>
<kw name="Should Be Equal As Strings" library="BuiltIn">
<arg>${resp.text}</arg>
<arg>false</arg>
<doc>Fails if objects are unequal after converting them to strings.</doc>
<status status="NOT RUN" starttime="20240303 12:47:36.290" endtime="20240303 12:47:36.290"/>
</kw>
<status status="FAIL" starttime="20240303 12:47:36.272" endtime="20240303 12:47:36.291">HTTPError: 404 Client Error: NOT FOUND for url: http://192.168.143.242:8000/palindrome/1231</status>
</test>
<status status="FAIL" starttime="20240303 12:47:35.900" endtime="20240303 12:47:36.295"/>
</suite>
<statistics>
<total>
<stat pass="6" fail="3" skip="0">All Tests</stat>
</total>
<tag>
</tag>
<suite>
<stat pass="6" fail="3" skip="0" id="s1" name="Test-Plus">Test-Plus</stat>
</suite>
</statistics>
<errors>
</errors>
</robot>
