<?xml version="1.0" encoding="UTF-8"?>
<robot generator="Robot 6.1.1 (Python 3.10.6 on win32)" generated="20240218 00:45:17.578" rpa="false" schemaversion="4">
<suite id="s1" name="Test-Plus" source="C:\Users\poul2\Desktop\code\soft-dev\devops_flow\robot_for_softdev_devops\test-plus.robot">
<test id="s1-t1" name="Test Calculate Numbers 4 and 2 (ฺBefore Using Keywords)" line="19">
<kw name="GET" library="RequestsLibrary">
<var>${resp}</var>
<arg>http://192.168.1.33:8000/plus/4/2</arg>
<doc>Sends a GET request.</doc>
<msg timestamp="20240218 00:45:17.726" level="INFO">GET Request : url=http://192.168.1.33:8000/plus/4/2 
 path_url=/plus/4/2 
 headers={'User-Agent': 'python-requests/2.31.0', 'Accept-Encoding': 'gzip, deflate', 'Accept': '*/*', 'Connection': 'keep-alive'} 
 body=None 
 </msg>
<msg timestamp="20240218 00:45:17.727" level="INFO">GET Response : url=http://192.168.1.33:8000/plus/4/2 
 status=200, reason=OK 
 headers={'Server': 'Werkzeug/2.2.3 Python/3.7.17', 'Date': 'Sat, 17 Feb 2024 17:45:28 GMT', 'Content-Type': 'text/html; charset=utf-8', 'Content-Length': '1', 'Connection': 'close'} 
 body=6 
 </msg>
<msg timestamp="20240218 00:45:17.727" level="INFO">${resp} = &lt;Response [200]&gt;</msg>
<status status="PASS" starttime="20240218 00:45:17.715" endtime="20240218 00:45:17.727"/>
</kw>
<kw name="Should Be Equal" library="BuiltIn">
<arg>${resp.status_code}</arg>
<arg>${200}</arg>
<doc>Fails if the given objects are unequal.</doc>
<status status="PASS" starttime="20240218 00:45:17.727" endtime="20240218 00:45:17.729"/>
</kw>
<kw name="Evaluate" library="BuiltIn">
<var>${resp_text}</var>
<arg>"${resp.content.decode('utf-8')}"</arg>
<doc>Evaluates the given expression in Python and returns the result.</doc>
<msg timestamp="20240218 00:45:17.731" level="INFO">${resp_text} = 6</msg>
<status status="PASS" starttime="20240218 00:45:17.730" endtime="20240218 00:45:17.731"/>
</kw>
<kw name="Convert To Integer" library="BuiltIn">
<var>${resp_value}</var>
<arg>${resp_text}</arg>
<doc>Converts the given item to an integer number.</doc>
<msg timestamp="20240218 00:45:17.731" level="INFO">${resp_value} = 6</msg>
<status status="PASS" starttime="20240218 00:45:17.731" endtime="20240218 00:45:17.731"/>
</kw>
<kw name="Should Be Equal As Numbers" library="BuiltIn">
<arg>${resp_value}</arg>
<arg>${6}</arg>
<doc>Fails if objects are unequal after converting them to real numbers.</doc>
<status status="PASS" starttime="20240218 00:45:17.731" endtime="20240218 00:45:17.732"/>
</kw>
<status status="PASS" starttime="20240218 00:45:17.714" endtime="20240218 00:45:17.732"/>
</test>
<test id="s1-t2" name="Test Calculate Numbers 8.4 and 4" line="35">
<kw name="Get Calculation Num">
<var>${n_resp}</var>
<arg>${8.4}</arg>
<arg>${4}</arg>
<kw name="GET" library="RequestsLibrary">
<var>${resp}</var>
<arg>http://192.168.1.33:8000/plus/${num1}/${num2}</arg>
<doc>Sends a GET request.</doc>
<msg timestamp="20240218 00:45:17.747" level="INFO">GET Request : url=http://192.168.1.33:8000/plus/8.4/4 
 path_url=/plus/8.4/4 
 headers={'User-Agent': 'python-requests/2.31.0', 'Accept-Encoding': 'gzip, deflate', 'Accept': '*/*', 'Connection': 'keep-alive'} 
 body=None 
 </msg>
<msg timestamp="20240218 00:45:17.747" level="INFO">GET Response : url=http://192.168.1.33:8000/plus/8.4/4 
 status=500, reason=INTERNAL SERVER ERROR 
 headers={'Server': 'Werkzeug/2.2.3 Python/3.7.17', 'Date': 'Sat, 17 Feb 2024 17:45:28 GMT', 'Content-Type': 'text/html; charset=utf-8', 'Content-Length': '265', 'Connection': 'close'} 
 body=&lt;!doctype html&gt;
&lt;html lang=en&gt;
&lt;title&gt;500 Internal Server Error&lt;/title&gt;
&lt;h1&gt;Internal Server Error&lt;/h1&gt;
&lt;p&gt;The server encountered an internal error and was unable to complete your request. Either the server is overloaded or there is an error in the application.&lt;/p&gt;
 
 </msg>
<msg timestamp="20240218 00:45:17.747" level="FAIL">HTTPError: 500 Server Error: INTERNAL SERVER ERROR for url: http://192.168.1.33:8000/plus/8.4/4</msg>
<status status="FAIL" starttime="20240218 00:45:17.735" endtime="20240218 00:45:17.766"/>
</kw>
<kw name="Should Be Equal" library="BuiltIn">
<arg>${resp.status_code}</arg>
<arg>${200}</arg>
<doc>Fails if the given objects are unequal.</doc>
<status status="NOT RUN" starttime="20240218 00:45:17.766" endtime="20240218 00:45:17.766"/>
</kw>
<status status="FAIL" starttime="20240218 00:45:17.734" endtime="20240218 00:45:17.766"/>
</kw>
<kw name="Evaluate" library="BuiltIn">
<var>${resp_text}</var>
<arg>"${n_resp.content.decode('utf-8')}"</arg>
<doc>Evaluates the given expression in Python and returns the result.</doc>
<status status="NOT RUN" starttime="20240218 00:45:17.767" endtime="20240218 00:45:17.767"/>
</kw>
<kw name="Evaluate" library="BuiltIn">
<var>${resp_value}</var>
<arg>float("${resp_text}")</arg>
<doc>Evaluates the given expression in Python and returns the result.</doc>
<status status="NOT RUN" starttime="20240218 00:45:17.768" endtime="20240218 00:45:17.768"/>
</kw>
<kw name="Should Be Equal As Numbers" library="BuiltIn">
<arg>${resp_value}</arg>
<arg>${12.4}</arg>
<doc>Fails if objects are unequal after converting them to real numbers.</doc>
<status status="NOT RUN" starttime="20240218 00:45:17.768" endtime="20240218 00:45:17.768"/>
</kw>
<status status="FAIL" starttime="20240218 00:45:17.733" endtime="20240218 00:45:17.769">HTTPError: 500 Server Error: INTERNAL SERVER ERROR for url: http://192.168.1.33:8000/plus/8.4/4</status>
</test>
<status status="FAIL" starttime="20240218 00:45:17.581" endtime="20240218 00:45:17.771"/>
</suite>
<statistics>
<total>
<stat pass="1" fail="1" skip="0">All Tests</stat>
</total>
<tag>
</tag>
<suite>
<stat pass="1" fail="1" skip="0" id="s1" name="Test-Plus">Test-Plus</stat>
</suite>
</statistics>
<errors>
</errors>
</robot>
