<?xml version="1.0" encoding="UTF-8"?>
<robot generator="Robot 6.1.1 (Python 3.10.6 on win32)" generated="20240305 08:55:39.359" rpa="false" schemaversion="4">
<suite id="s1" name="Test-Plus" source="C:\Users\poul2\Desktop\code\soft-dev\devops_flow\robot_for_softdev_devops\test-plus.robot">
<test id="s1-t1" name="Test Calculate Numbers 4 and 2 (ฺBefore Using Keywords)" line="19">
<kw name="GET" library="RequestsLibrary">
<var>${resp}</var>
<arg>http://192.168.143.242:8000/plus/4/2</arg>
<doc>Sends a GET request.</doc>
<msg timestamp="20240305 08:55:39.553" level="INFO">GET Request : url=http://192.168.143.242:8000/plus/4/2 
 path_url=/plus/4/2 
 headers={'User-Agent': 'python-requests/2.31.0', 'Accept-Encoding': 'gzip, deflate', 'Accept': '*/*', 'Connection': 'keep-alive'} 
 body=None 
 </msg>
<msg timestamp="20240305 08:55:39.554" level="INFO">GET Response : url=http://192.168.143.242:8000/plus/4/2 
 status=200, reason=OK 
 headers={'Server': 'Werkzeug/2.2.3 Python/3.7.17', 'Date': 'Tue, 05 Mar 2024 01:55:40 GMT', 'Content-Type': 'text/html; charset=utf-8', 'Content-Length': '1', 'Connection': 'close'} 
 body=6 
 </msg>
<msg timestamp="20240305 08:55:39.554" level="INFO">${resp} = &lt;Response [200]&gt;</msg>
<status status="PASS" starttime="20240305 08:55:39.540" endtime="20240305 08:55:39.554"/>
</kw>
<kw name="Should Be Equal" library="BuiltIn">
<arg>${resp.status_code}</arg>
<arg>${200}</arg>
<doc>Fails if the given objects are unequal.</doc>
<status status="PASS" starttime="20240305 08:55:39.556" endtime="20240305 08:55:39.557"/>
</kw>
<kw name="Evaluate" library="BuiltIn">
<var>${resp_text}</var>
<arg>"${resp.content.decode('utf-8')}"</arg>
<doc>Evaluates the given expression in Python and returns the result.</doc>
<msg timestamp="20240305 08:55:39.558" level="INFO">${resp_text} = 6</msg>
<status status="PASS" starttime="20240305 08:55:39.558" endtime="20240305 08:55:39.558"/>
</kw>
<kw name="Convert To Integer" library="BuiltIn">
<var>${resp_value}</var>
<arg>${resp_text}</arg>
<doc>Converts the given item to an integer number.</doc>
<msg timestamp="20240305 08:55:39.559" level="INFO">${resp_value} = 6</msg>
<status status="PASS" starttime="20240305 08:55:39.559" endtime="20240305 08:55:39.559"/>
</kw>
<kw name="Should Be Equal As Numbers" library="BuiltIn">
<arg>${resp_value}</arg>
<arg>${6}</arg>
<doc>Fails if objects are unequal after converting them to real numbers.</doc>
<status status="PASS" starttime="20240305 08:55:39.560" endtime="20240305 08:55:39.560"/>
</kw>
<status status="PASS" starttime="20240305 08:55:39.538" endtime="20240305 08:55:39.561"/>
</test>
<test id="s1-t2" name="Test Calculate Numbers 8.4 and 4" line="35">
<kw name="Get Calculation Num">
<var>${n_resp}</var>
<arg>${8.4}</arg>
<arg>${4}</arg>
<kw name="GET" library="RequestsLibrary">
<var>${resp}</var>
<arg>http://192.168.143.242:8000/plus/${num1}/${num2}</arg>
<doc>Sends a GET request.</doc>
<msg timestamp="20240305 08:55:39.583" level="INFO">GET Request : url=http://192.168.143.242:8000/plus/8.4/4 
 path_url=/plus/8.4/4 
 headers={'User-Agent': 'python-requests/2.31.0', 'Accept-Encoding': 'gzip, deflate', 'Accept': '*/*', 'Connection': 'keep-alive'} 
 body=None 
 </msg>
<msg timestamp="20240305 08:55:39.583" level="INFO">GET Response : url=http://192.168.143.242:8000/plus/8.4/4 
 status=200, reason=OK 
 headers={'Server': 'Werkzeug/2.2.3 Python/3.7.17', 'Date': 'Tue, 05 Mar 2024 01:55:40 GMT', 'Content-Type': 'text/html; charset=utf-8', 'Content-Length': '4', 'Connection': 'close'} 
 body=12.4 
 </msg>
<msg timestamp="20240305 08:55:39.583" level="INFO">${resp} = &lt;Response [200]&gt;</msg>
<status status="PASS" starttime="20240305 08:55:39.565" endtime="20240305 08:55:39.583"/>
</kw>
<kw name="Should Be Equal" library="BuiltIn">
<arg>${resp.status_code}</arg>
<arg>${200}</arg>
<doc>Fails if the given objects are unequal.</doc>
<status status="PASS" starttime="20240305 08:55:39.584" endtime="20240305 08:55:39.588"/>
</kw>
<msg timestamp="20240305 08:55:39.588" level="INFO">${n_resp} = &lt;Response [200]&gt;</msg>
<status status="PASS" starttime="20240305 08:55:39.563" endtime="20240305 08:55:39.588"/>
</kw>
<kw name="Evaluate" library="BuiltIn">
<var>${resp_text}</var>
<arg>"${n_resp.content.decode('utf-8')}"</arg>
<doc>Evaluates the given expression in Python and returns the result.</doc>
<msg timestamp="20240305 08:55:39.591" level="INFO">${resp_text} = 12.4</msg>
<status status="PASS" starttime="20240305 08:55:39.589" endtime="20240305 08:55:39.591"/>
</kw>
<kw name="Evaluate" library="BuiltIn">
<var>${resp_value}</var>
<arg>float("${resp_text}")</arg>
<doc>Evaluates the given expression in Python and returns the result.</doc>
<msg timestamp="20240305 08:55:39.592" level="INFO">${resp_value} = 12.4</msg>
<status status="PASS" starttime="20240305 08:55:39.591" endtime="20240305 08:55:39.592"/>
</kw>
<kw name="Should Be Equal As Numbers" library="BuiltIn">
<arg>${resp_value}</arg>
<arg>${12.4}</arg>
<doc>Fails if objects are unequal after converting them to real numbers.</doc>
<status status="PASS" starttime="20240305 08:55:39.593" endtime="20240305 08:55:39.594"/>
</kw>
<status status="PASS" starttime="20240305 08:55:39.562" endtime="20240305 08:55:39.595"/>
</test>
<test id="s1-t3" name="Test isPrime Numbers 17" line="49">
<kw name="GET" library="RequestsLibrary">
<var>${resp}</var>
<arg>http://192.168.143.242:8000/is_prime/17</arg>
<doc>Sends a GET request.</doc>
<msg timestamp="20240305 08:55:39.610" level="INFO">GET Request : url=http://192.168.143.242:8000/is_prime/17 
 path_url=/is_prime/17 
 headers={'User-Agent': 'python-requests/2.31.0', 'Accept-Encoding': 'gzip, deflate', 'Accept': '*/*', 'Connection': 'keep-alive'} 
 body=None 
 </msg>
<msg timestamp="20240305 08:55:39.610" level="INFO">GET Response : url=http://192.168.143.242:8000/is_prime/17 
 status=200, reason=OK 
 headers={'Server': 'Werkzeug/2.2.3 Python/3.7.17', 'Date': 'Tue, 05 Mar 2024 01:55:40 GMT', 'Content-Type': 'text/html; charset=utf-8', 'Content-Length': '4', 'Connection': 'close'} 
 body=true 
 </msg>
<msg timestamp="20240305 08:55:39.610" level="INFO">${resp} = &lt;Response [200]&gt;</msg>
<status status="PASS" starttime="20240305 08:55:39.597" endtime="20240305 08:55:39.610"/>
</kw>
<kw name="Should Be Equal" library="BuiltIn">
<arg>${resp.status_code}</arg>
<arg>${200}</arg>
<doc>Fails if the given objects are unequal.</doc>
<status status="PASS" starttime="20240305 08:55:39.610" endtime="20240305 08:55:39.611"/>
</kw>
<kw name="Evaluate" library="BuiltIn">
<var>${resp_text}</var>
<arg>"${resp.content.decode('utf-8')}"</arg>
<doc>Evaluates the given expression in Python and returns the result.</doc>
<msg timestamp="20240305 08:55:39.613" level="INFO">${resp_text} = true</msg>
<status status="PASS" starttime="20240305 08:55:39.612" endtime="20240305 08:55:39.613"/>
</kw>
<kw name="Should Be Equal As Strings" library="BuiltIn">
<arg>${resp_text}</arg>
<arg>true</arg>
<doc>Fails if objects are unequal after converting them to strings.</doc>
<status status="PASS" starttime="20240305 08:55:39.614" endtime="20240305 08:55:39.614"/>
</kw>
<status status="PASS" starttime="20240305 08:55:39.597" endtime="20240305 08:55:39.615"/>
</test>
<test id="s1-t4" name="Test isPrime Numbers 36" line="63">
<kw name="GET" library="RequestsLibrary">
<var>${resp}</var>
<arg>http://192.168.143.242:8000/is_prime/36</arg>
<doc>Sends a GET request.</doc>
<msg timestamp="20240305 08:55:39.633" level="INFO">GET Request : url=http://192.168.143.242:8000/is_prime/36 
 path_url=/is_prime/36 
 headers={'User-Agent': 'python-requests/2.31.0', 'Accept-Encoding': 'gzip, deflate', 'Accept': '*/*', 'Connection': 'keep-alive'} 
 body=None 
 </msg>
<msg timestamp="20240305 08:55:39.633" level="INFO">GET Response : url=http://192.168.143.242:8000/is_prime/36 
 status=200, reason=OK 
 headers={'Server': 'Werkzeug/2.2.3 Python/3.7.17', 'Date': 'Tue, 05 Mar 2024 01:55:40 GMT', 'Content-Type': 'text/html; charset=utf-8', 'Content-Length': '5', 'Connection': 'close'} 
 body=false 
 </msg>
<msg timestamp="20240305 08:55:39.635" level="INFO">${resp} = &lt;Response [200]&gt;</msg>
<status status="PASS" starttime="20240305 08:55:39.620" endtime="20240305 08:55:39.635"/>
</kw>
<kw name="Should Be Equal" library="BuiltIn">
<arg>${resp.status_code}</arg>
<arg>${200}</arg>
<doc>Fails if the given objects are unequal.</doc>
<status status="PASS" starttime="20240305 08:55:39.636" endtime="20240305 08:55:39.639"/>
</kw>
<kw name="Should Be Equal As Strings" library="BuiltIn">
<arg>${resp.text}</arg>
<arg>false</arg>
<doc>Fails if objects are unequal after converting them to strings.</doc>
<status status="PASS" starttime="20240305 08:55:39.639" endtime="20240305 08:55:39.641"/>
</kw>
<status status="PASS" starttime="20240305 08:55:39.618" endtime="20240305 08:55:39.641"/>
</test>
<test id="s1-t5" name="Test isPrime Numbers 13219" line="73">
<kw name="GET" library="RequestsLibrary">
<var>${resp}</var>
<arg>http://192.168.143.242:8000/is_prime/13219</arg>
<doc>Sends a GET request.</doc>
<msg timestamp="20240305 08:55:39.663" level="INFO">GET Request : url=http://192.168.143.242:8000/is_prime/13219 
 path_url=/is_prime/13219 
 headers={'User-Agent': 'python-requests/2.31.0', 'Accept-Encoding': 'gzip, deflate', 'Accept': '*/*', 'Connection': 'keep-alive'} 
 body=None 
 </msg>
<msg timestamp="20240305 08:55:39.664" level="INFO">GET Response : url=http://192.168.143.242:8000/is_prime/13219 
 status=200, reason=OK 
 headers={'Server': 'Werkzeug/2.2.3 Python/3.7.17', 'Date': 'Tue, 05 Mar 2024 01:55:40 GMT', 'Content-Type': 'text/html; charset=utf-8', 'Content-Length': '4', 'Connection': 'close'} 
 body=true 
 </msg>
<msg timestamp="20240305 08:55:39.664" level="INFO">${resp} = &lt;Response [200]&gt;</msg>
<status status="PASS" starttime="20240305 08:55:39.646" endtime="20240305 08:55:39.664"/>
</kw>
<kw name="Should Be Equal" library="BuiltIn">
<arg>${resp.status_code}</arg>
<arg>${200}</arg>
<doc>Fails if the given objects are unequal.</doc>
<status status="PASS" starttime="20240305 08:55:39.666" endtime="20240305 08:55:39.670"/>
</kw>
<kw name="Should Be Equal As Strings" library="BuiltIn">
<arg>${resp.text}</arg>
<arg>true</arg>
<doc>Fails if objects are unequal after converting them to strings.</doc>
<status status="PASS" starttime="20240305 08:55:39.670" endtime="20240305 08:55:39.673"/>
</kw>
<status status="PASS" starttime="20240305 08:55:39.645" endtime="20240305 08:55:39.673"/>
</test>
<test id="s1-t6" name="Test isPrime Numbers 7" line="83">
<kw name="GET" library="RequestsLibrary">
<var>${resp}</var>
<arg>http://192.168.143.242:8000/is_prime/7</arg>
<doc>Sends a GET request.</doc>
<msg timestamp="20240305 08:55:39.688" level="INFO">GET Request : url=http://192.168.143.242:8000/is_prime/7 
 path_url=/is_prime/7 
 headers={'User-Agent': 'python-requests/2.31.0', 'Accept-Encoding': 'gzip, deflate', 'Accept': '*/*', 'Connection': 'keep-alive'} 
 body=None 
 </msg>
<msg timestamp="20240305 08:55:39.688" level="INFO">GET Response : url=http://192.168.143.242:8000/is_prime/7 
 status=200, reason=OK 
 headers={'Server': 'Werkzeug/2.2.3 Python/3.7.17', 'Date': 'Tue, 05 Mar 2024 01:55:40 GMT', 'Content-Type': 'text/html; charset=utf-8', 'Content-Length': '4', 'Connection': 'close'} 
 body=true 
 </msg>
<msg timestamp="20240305 08:55:39.689" level="INFO">${resp} = &lt;Response [200]&gt;</msg>
<status status="PASS" starttime="20240305 08:55:39.676" endtime="20240305 08:55:39.689"/>
</kw>
<kw name="Should Be Equal" library="BuiltIn">
<arg>${resp.status_code}</arg>
<arg>${200}</arg>
<doc>Fails if the given objects are unequal.</doc>
<status status="PASS" starttime="20240305 08:55:39.689" endtime="20240305 08:55:39.690"/>
</kw>
<kw name="Should Be Equal As Strings" library="BuiltIn">
<arg>${resp.text}</arg>
<arg>true</arg>
<doc>Fails if objects are unequal after converting them to strings.</doc>
<status status="PASS" starttime="20240305 08:55:39.690" endtime="20240305 08:55:39.692"/>
</kw>
<status status="PASS" starttime="20240305 08:55:39.675" endtime="20240305 08:55:39.693"/>
</test>
<test id="s1-t7" name="Test isPalindrome Numbers 121" line="93">
<kw name="GET" library="RequestsLibrary">
<var>${resp}</var>
<arg>http://192.168.143.242:8000/palindrome/121</arg>
<doc>Sends a GET request.</doc>
<msg timestamp="20240305 08:55:39.705" level="INFO">GET Request : url=http://192.168.143.242:8000/palindrome/121 
 path_url=/palindrome/121 
 headers={'User-Agent': 'python-requests/2.31.0', 'Accept-Encoding': 'gzip, deflate', 'Accept': '*/*', 'Connection': 'keep-alive'} 
 body=None 
 </msg>
<msg timestamp="20240305 08:55:39.705" level="INFO">GET Response : url=http://192.168.143.242:8000/palindrome/121 
 status=200, reason=OK 
 headers={'Server': 'Werkzeug/2.2.3 Python/3.7.17', 'Date': 'Tue, 05 Mar 2024 01:55:40 GMT', 'Content-Type': 'text/html; charset=utf-8', 'Content-Length': '4', 'Connection': 'close'} 
 body=true 
 </msg>
<msg timestamp="20240305 08:55:39.706" level="INFO">${resp} = &lt;Response [200]&gt;</msg>
<status status="PASS" starttime="20240305 08:55:39.694" endtime="20240305 08:55:39.706"/>
</kw>
<kw name="Should Be Equal" library="BuiltIn">
<arg>${resp.status_code}</arg>
<arg>${200}</arg>
<doc>Fails if the given objects are unequal.</doc>
<status status="PASS" starttime="20240305 08:55:39.706" endtime="20240305 08:55:39.708"/>
</kw>
<kw name="Should Be Equal As Strings" library="BuiltIn">
<arg>${resp.text}</arg>
<arg>true</arg>
<doc>Fails if objects are unequal after converting them to strings.</doc>
<status status="PASS" starttime="20240305 08:55:39.709" endtime="20240305 08:55:39.709"/>
</kw>
<status status="PASS" starttime="20240305 08:55:39.694" endtime="20240305 08:55:39.710"/>
</test>
<test id="s1-t8" name="Test isPalindrome Numbers 1221" line="103">
<kw name="GET" library="RequestsLibrary">
<var>${resp}</var>
<arg>http://192.168.143.242:8000/palindrome/1221</arg>
<doc>Sends a GET request.</doc>
<msg timestamp="20240305 08:55:39.723" level="INFO">GET Request : url=http://192.168.143.242:8000/palindrome/1221 
 path_url=/palindrome/1221 
 headers={'User-Agent': 'python-requests/2.31.0', 'Accept-Encoding': 'gzip, deflate', 'Accept': '*/*', 'Connection': 'keep-alive'} 
 body=None 
 </msg>
<msg timestamp="20240305 08:55:39.723" level="INFO">GET Response : url=http://192.168.143.242:8000/palindrome/1221 
 status=200, reason=OK 
 headers={'Server': 'Werkzeug/2.2.3 Python/3.7.17', 'Date': 'Tue, 05 Mar 2024 01:55:40 GMT', 'Content-Type': 'text/html; charset=utf-8', 'Content-Length': '4', 'Connection': 'close'} 
 body=true 
 </msg>
<msg timestamp="20240305 08:55:39.724" level="INFO">${resp} = &lt;Response [200]&gt;</msg>
<status status="PASS" starttime="20240305 08:55:39.711" endtime="20240305 08:55:39.724"/>
</kw>
<kw name="Should Be Equal" library="BuiltIn">
<arg>${resp.status_code}</arg>
<arg>${200}</arg>
<doc>Fails if the given objects are unequal.</doc>
<status status="PASS" starttime="20240305 08:55:39.724" endtime="20240305 08:55:39.726"/>
</kw>
<kw name="Should Be Equal As Strings" library="BuiltIn">
<arg>${resp.text}</arg>
<arg>true</arg>
<doc>Fails if objects are unequal after converting them to strings.</doc>
<status status="PASS" starttime="20240305 08:55:39.727" endtime="20240305 08:55:39.728"/>
</kw>
<status status="PASS" starttime="20240305 08:55:39.711" endtime="20240305 08:55:39.728"/>
</test>
<test id="s1-t9" name="Test isPalindrome Numbers 1231" line="113">
<kw name="GET" library="RequestsLibrary">
<var>${resp}</var>
<arg>http://192.168.143.242:8000/palindrome/1231</arg>
<doc>Sends a GET request.</doc>
<msg timestamp="20240305 08:55:39.741" level="INFO">GET Request : url=http://192.168.143.242:8000/palindrome/1231 
 path_url=/palindrome/1231 
 headers={'User-Agent': 'python-requests/2.31.0', 'Accept-Encoding': 'gzip, deflate', 'Accept': '*/*', 'Connection': 'keep-alive'} 
 body=None 
 </msg>
<msg timestamp="20240305 08:55:39.741" level="INFO">GET Response : url=http://192.168.143.242:8000/palindrome/1231 
 status=200, reason=OK 
 headers={'Server': 'Werkzeug/2.2.3 Python/3.7.17', 'Date': 'Tue, 05 Mar 2024 01:55:40 GMT', 'Content-Type': 'text/html; charset=utf-8', 'Content-Length': '5', 'Connection': 'close'} 
 body=false 
 </msg>
<msg timestamp="20240305 08:55:39.742" level="INFO">${resp} = &lt;Response [200]&gt;</msg>
<status status="PASS" starttime="20240305 08:55:39.730" endtime="20240305 08:55:39.742"/>
</kw>
<kw name="Should Be Equal" library="BuiltIn">
<arg>${resp.status_code}</arg>
<arg>${200}</arg>
<doc>Fails if the given objects are unequal.</doc>
<status status="PASS" starttime="20240305 08:55:39.743" endtime="20240305 08:55:39.744"/>
</kw>
<kw name="Should Be Equal As Strings" library="BuiltIn">
<arg>${resp.text}</arg>
<arg>false</arg>
<doc>Fails if objects are unequal after converting them to strings.</doc>
<status status="PASS" starttime="20240305 08:55:39.744" endtime="20240305 08:55:39.746"/>
</kw>
<status status="PASS" starttime="20240305 08:55:39.729" endtime="20240305 08:55:39.746"/>
</test>
<test id="s1-t10" name="Test isMul Number 9" line="124">
<kw name="GET" library="RequestsLibrary">
<var>${resp}</var>
<arg>http://192.168.143.242:8000/mul/4.5/2</arg>
<doc>Sends a GET request.</doc>
<msg timestamp="20240305 08:55:39.760" level="INFO">GET Request : url=http://192.168.143.242:8000/mul/4.5/2 
 path_url=/mul/4.5/2 
 headers={'User-Agent': 'python-requests/2.31.0', 'Accept-Encoding': 'gzip, deflate', 'Accept': '*/*', 'Connection': 'keep-alive'} 
 body=None 
 </msg>
<msg timestamp="20240305 08:55:39.760" level="INFO">GET Response : url=http://192.168.143.242:8000/mul/4.5/2 
 status=200, reason=OK 
 headers={'Server': 'Werkzeug/2.2.3 Python/3.7.17', 'Date': 'Tue, 05 Mar 2024 01:55:40 GMT', 'Content-Type': 'text/html; charset=utf-8', 'Content-Length': '3', 'Connection': 'close'} 
 body=9.0 
 </msg>
<msg timestamp="20240305 08:55:39.760" level="INFO">${resp} = &lt;Response [200]&gt;</msg>
<status status="PASS" starttime="20240305 08:55:39.751" endtime="20240305 08:55:39.760"/>
</kw>
<kw name="Should Be Equal" library="BuiltIn">
<arg>${resp.status_code}</arg>
<arg>${200}</arg>
<doc>Fails if the given objects are unequal.</doc>
<status status="PASS" starttime="20240305 08:55:39.761" endtime="20240305 08:55:39.763"/>
</kw>
<kw name="Should Be Equal As Strings" library="BuiltIn">
<arg>${resp.text}</arg>
<arg>9.0</arg>
<doc>Fails if objects are unequal after converting them to strings.</doc>
<status status="PASS" starttime="20240305 08:55:39.763" endtime="20240305 08:55:39.763"/>
</kw>
<status status="PASS" starttime="20240305 08:55:39.749" endtime="20240305 08:55:39.763"/>
</test>
<status status="PASS" starttime="20240305 08:55:39.361" endtime="20240305 08:55:39.766"/>
</suite>
<statistics>
<total>
<stat pass="10" fail="0" skip="0">All Tests</stat>
</total>
<tag>
</tag>
<suite>
<stat pass="10" fail="0" skip="0" id="s1" name="Test-Plus">Test-Plus</stat>
</suite>
</statistics>
<errors>
</errors>
</robot>
