<?xml version="1.0" encoding="UTF-8"?>
<robot generator="Robot 6.1.1 (Python 3.10.6 on win32)" generated="20240218 01:00:51.756" rpa="false" schemaversion="4">
<suite id="s1" name="Test-Plus" source="C:\Users\poul2\Desktop\code\soft-dev\devops_flow\robot_for_softdev_devops\test-plus.robot">
<test id="s1-t1" name="Test Calculate Numbers 4 and 2 (ฺBefore Using Keywords)" line="19">
<kw name="GET" library="RequestsLibrary">
<var>${resp}</var>
<arg>http://192.168.1.33:8000/plus/4/2</arg>
<doc>Sends a GET request.</doc>
<msg timestamp="20240218 01:00:52.027" level="INFO">GET Request : url=http://192.168.1.33:8000/plus/4/2 
 path_url=/plus/4/2 
 headers={'User-Agent': 'python-requests/2.31.0', 'Accept-Encoding': 'gzip, deflate', 'Accept': '*/*', 'Connection': 'keep-alive'} 
 body=None 
 </msg>
<msg timestamp="20240218 01:00:52.027" level="INFO">GET Response : url=http://192.168.1.33:8000/plus/4/2 
 status=200, reason=OK 
 headers={'Server': 'Werkzeug/2.2.3 Python/3.7.17', 'Date': 'Sat, 17 Feb 2024 18:01:02 GMT', 'Content-Type': 'text/html; charset=utf-8', 'Content-Length': '1', 'Connection': 'close'} 
 body=6 
 </msg>
<msg timestamp="20240218 01:00:52.028" level="INFO">${resp} = &lt;Response [200]&gt;</msg>
<status status="PASS" starttime="20240218 01:00:52.011" endtime="20240218 01:00:52.028"/>
</kw>
<kw name="Should Be Equal" library="BuiltIn">
<arg>${resp.status_code}</arg>
<arg>${200}</arg>
<doc>Fails if the given objects are unequal.</doc>
<status status="PASS" starttime="20240218 01:00:52.029" endtime="20240218 01:00:52.029"/>
</kw>
<kw name="Evaluate" library="BuiltIn">
<var>${resp_text}</var>
<arg>"${resp.content.decode('utf-8')}"</arg>
<doc>Evaluates the given expression in Python and returns the result.</doc>
<msg timestamp="20240218 01:00:52.030" level="INFO">${resp_text} = 6</msg>
<status status="PASS" starttime="20240218 01:00:52.030" endtime="20240218 01:00:52.030"/>
</kw>
<kw name="Convert To Integer" library="BuiltIn">
<var>${resp_value}</var>
<arg>${resp_text}</arg>
<doc>Converts the given item to an integer number.</doc>
<msg timestamp="20240218 01:00:52.031" level="INFO">${resp_value} = 6</msg>
<status status="PASS" starttime="20240218 01:00:52.031" endtime="20240218 01:00:52.031"/>
</kw>
<kw name="Should Be Equal As Numbers" library="BuiltIn">
<arg>${resp_value}</arg>
<arg>${6}</arg>
<doc>Fails if objects are unequal after converting them to real numbers.</doc>
<status status="PASS" starttime="20240218 01:00:52.032" endtime="20240218 01:00:52.032"/>
</kw>
<status status="PASS" starttime="20240218 01:00:52.009" endtime="20240218 01:00:52.033"/>
</test>
<test id="s1-t2" name="Test Calculate Numbers 8.4 and 4" line="35">
<kw name="Get Calculation Num">
<var>${n_resp}</var>
<arg>${8.4}</arg>
<arg>${4}</arg>
<kw name="GET" library="RequestsLibrary">
<var>${resp}</var>
<arg>http://192.168.1.33:8000/plus/${num1}/${num2}</arg>
<doc>Sends a GET request.</doc>
<msg timestamp="20240218 01:00:52.042" level="INFO">GET Request : url=http://192.168.1.33:8000/plus/8.4/4 
 path_url=/plus/8.4/4 
 headers={'User-Agent': 'python-requests/2.31.0', 'Accept-Encoding': 'gzip, deflate', 'Accept': '*/*', 'Connection': 'keep-alive'} 
 body=None 
 </msg>
<msg timestamp="20240218 01:00:52.042" level="INFO">GET Response : url=http://192.168.1.33:8000/plus/8.4/4 
 status=200, reason=OK 
 headers={'Server': 'Werkzeug/2.2.3 Python/3.7.17', 'Date': 'Sat, 17 Feb 2024 18:01:02 GMT', 'Content-Type': 'text/html; charset=utf-8', 'Content-Length': '4', 'Connection': 'close'} 
 body=12.4 
 </msg>
<msg timestamp="20240218 01:00:52.042" level="INFO">${resp} = &lt;Response [200]&gt;</msg>
<status status="PASS" starttime="20240218 01:00:52.034" endtime="20240218 01:00:52.042"/>
</kw>
<kw name="Should Be Equal" library="BuiltIn">
<arg>${resp.status_code}</arg>
<arg>${200}</arg>
<doc>Fails if the given objects are unequal.</doc>
<status status="PASS" starttime="20240218 01:00:52.042" endtime="20240218 01:00:52.043"/>
</kw>
<msg timestamp="20240218 01:00:52.043" level="INFO">${n_resp} = &lt;Response [200]&gt;</msg>
<status status="PASS" starttime="20240218 01:00:52.034" endtime="20240218 01:00:52.043"/>
</kw>
<kw name="Evaluate" library="BuiltIn">
<var>${resp_text}</var>
<arg>"${n_resp.content.decode('utf-8')}"</arg>
<doc>Evaluates the given expression in Python and returns the result.</doc>
<msg timestamp="20240218 01:00:52.046" level="INFO">${resp_text} = 12.4</msg>
<status status="PASS" starttime="20240218 01:00:52.045" endtime="20240218 01:00:52.046"/>
</kw>
<kw name="Evaluate" library="BuiltIn">
<var>${resp_value}</var>
<arg>float("${resp_text}")</arg>
<doc>Evaluates the given expression in Python and returns the result.</doc>
<msg timestamp="20240218 01:00:52.047" level="INFO">${resp_value} = 12.4</msg>
<status status="PASS" starttime="20240218 01:00:52.047" endtime="20240218 01:00:52.047"/>
</kw>
<kw name="Should Be Equal As Numbers" library="BuiltIn">
<arg>${resp_value}</arg>
<arg>${12.4}</arg>
<doc>Fails if objects are unequal after converting them to real numbers.</doc>
<status status="PASS" starttime="20240218 01:00:52.048" endtime="20240218 01:00:52.048"/>
</kw>
<status status="PASS" starttime="20240218 01:00:52.034" endtime="20240218 01:00:52.048"/>
</test>
<status status="PASS" starttime="20240218 01:00:51.759" endtime="20240218 01:00:52.051"/>
</suite>
<statistics>
<total>
<stat pass="2" fail="0" skip="0">All Tests</stat>
</total>
<tag>
</tag>
<suite>
<stat pass="2" fail="0" skip="0" id="s1" name="Test-Plus">Test-Plus</stat>
</suite>
</statistics>
<errors>
</errors>
</robot>
