<?xml version="1.0" encoding="UTF-8"?>
<robot generator="Robot 6.1.1 (Python 3.10.6 on win32)" generated="20240302 13:02:12.982" rpa="false" schemaversion="4">
<suite id="s1" name="Robot For Softdev Devops" source="C:\Users\poul2\Desktop\code\soft-dev\devops_flow\robot_for_softdev_devops">
<suite id="s1-s1" name="Test-Plus" source="C:\Users\poul2\Desktop\code\soft-dev\devops_flow\robot_for_softdev_devops\test-plus.robot">
<test id="s1-s1-t1" name="Test isPrime Numbers 13219" line="73">
<kw name="GET" library="RequestsLibrary">
<var>${resp}</var>
<arg>http://localhost:5000/is_prime/13219</arg>
<doc>Sends a GET request.</doc>
<msg timestamp="20240302 13:02:15.161" level="INFO">GET Request : url=http://localhost:5000/is_prime/13219 
 path_url=/is_prime/13219 
 headers={'User-Agent': 'python-requests/2.31.0', 'Accept-Encoding': 'gzip, deflate', 'Accept': '*/*', 'Connection': 'keep-alive'} 
 body=None 
 </msg>
<msg timestamp="20240302 13:02:15.161" level="INFO">GET Response : url=http://localhost:5000/is_prime/13219 
 status=200, reason=OK 
 headers={'Server': 'Werkzeug/3.0.1 Python/3.10.6', 'Date': 'Sat, 02 Mar 2024 06:02:15 GMT', 'Content-Type': 'text/html; charset=utf-8', 'Content-Length': '4', 'Connection': 'close'} 
 body=true 
 </msg>
<msg timestamp="20240302 13:02:15.163" level="INFO">${resp} = &lt;Response [200]&gt;</msg>
<status status="PASS" starttime="20240302 13:02:13.103" endtime="20240302 13:02:15.165"/>
</kw>
<kw name="Should Be Equal" library="BuiltIn">
<arg>${resp.status_code}</arg>
<arg>${200}</arg>
<doc>Fails if the given objects are unequal.</doc>
<status status="PASS" starttime="20240302 13:02:15.165" endtime="20240302 13:02:15.170"/>
</kw>
<kw name="Should Be Equal As Strings" library="BuiltIn">
<arg>${resp.text}</arg>
<arg>true</arg>
<doc>Fails if objects are unequal after converting them to strings.</doc>
<status status="PASS" starttime="20240302 13:02:15.170" endtime="20240302 13:02:15.170"/>
</kw>
<status status="PASS" starttime="20240302 13:02:13.103" endtime="20240302 13:02:15.175"/>
</test>
<status status="PASS" starttime="20240302 13:02:13.014" endtime="20240302 13:02:15.179"/>
</suite>
<status status="PASS" starttime="20240302 13:02:12.988" endtime="20240302 13:02:15.185"/>
</suite>
<statistics>
<total>
<stat pass="1" fail="0" skip="0">All Tests</stat>
</total>
<tag>
</tag>
<suite>
<stat pass="1" fail="0" skip="0" id="s1" name="Robot For Softdev Devops">Robot For Softdev Devops</stat>
<stat pass="1" fail="0" skip="0" id="s1-s1" name="Test-Plus">Robot For Softdev Devops.Test-Plus</stat>
</suite>
</statistics>
<errors>
</errors>
</robot>
