<?xml version="1.0" encoding="UTF-8"?>
<robot generator="Robot 6.1.1 (Python 3.10.6 on win32)" generated="20240219 21:19:17.623" rpa="false" schemaversion="4">
<suite id="s1" name="Robot For Softdev Devops" source="C:\Users\poul2\Desktop\code\soft-dev\devops_flow\robot_for_softdev_devops">
<suite id="s1-s1" name="Test-Plus" source="C:\Users\poul2\Desktop\code\soft-dev\devops_flow\robot_for_softdev_devops\test-plus.robot">
<test id="s1-s1-t1" name="Test Calculate Numbers 4 and 2 (ฺBefore Using Keywords)" line="19">
<kw name="GET" library="RequestsLibrary">
<var>${resp}</var>
<arg>http://192.168.1.33:8000/plus/4/2</arg>
<doc>Sends a GET request.</doc>
<msg timestamp="20240219 21:19:17.962" level="INFO">GET Request : url=http://192.168.1.33:8000/plus/4/2 
 path_url=/plus/4/2 
 headers={'User-Agent': 'python-requests/2.31.0', 'Accept-Encoding': 'gzip, deflate', 'Accept': '*/*', 'Connection': 'keep-alive'} 
 body=None 
 </msg>
<msg timestamp="20240219 21:19:17.963" level="INFO">GET Response : url=http://192.168.1.33:8000/plus/4/2 
 status=200, reason=OK 
 headers={'Server': 'Werkzeug/2.2.3 Python/3.7.17', 'Date': 'Mon, 19 Feb 2024 14:19:17 GMT', 'Content-Type': 'text/html; charset=utf-8', 'Content-Length': '1', 'Connection': 'close'} 
 body=6 
 </msg>
<msg timestamp="20240219 21:19:17.964" level="INFO">${resp} = &lt;Response [200]&gt;</msg>
<status status="PASS" starttime="20240219 21:19:17.942" endtime="20240219 21:19:17.964"/>
</kw>
<kw name="Should Be Equal" library="BuiltIn">
<arg>${resp.status_code}</arg>
<arg>${200}</arg>
<doc>Fails if the given objects are unequal.</doc>
<status status="PASS" starttime="20240219 21:19:17.965" endtime="20240219 21:19:17.969"/>
</kw>
<kw name="Evaluate" library="BuiltIn">
<var>${resp_text}</var>
<arg>"${resp.content.decode('utf-8')}"</arg>
<doc>Evaluates the given expression in Python and returns the result.</doc>
<msg timestamp="20240219 21:19:17.975" level="INFO">${resp_text} = 6</msg>
<status status="PASS" starttime="20240219 21:19:17.973" endtime="20240219 21:19:17.976"/>
</kw>
<kw name="Convert To Integer" library="BuiltIn">
<var>${resp_value}</var>
<arg>${resp_text}</arg>
<doc>Converts the given item to an integer number.</doc>
<msg timestamp="20240219 21:19:17.979" level="INFO">${resp_value} = 6</msg>
<status status="PASS" starttime="20240219 21:19:17.978" endtime="20240219 21:19:17.979"/>
</kw>
<kw name="Should Be Equal As Numbers" library="BuiltIn">
<arg>${resp_value}</arg>
<arg>${6}</arg>
<doc>Fails if objects are unequal after converting them to real numbers.</doc>
<status status="PASS" starttime="20240219 21:19:17.980" endtime="20240219 21:19:17.981"/>
</kw>
<status status="PASS" starttime="20240219 21:19:17.937" endtime="20240219 21:19:17.981"/>
</test>
<status status="PASS" starttime="20240219 21:19:17.728" endtime="20240219 21:19:17.983"/>
</suite>
<status status="PASS" starttime="20240219 21:19:17.638" endtime="20240219 21:19:17.992"/>
</suite>
<statistics>
<total>
<stat pass="1" fail="0" skip="0">All Tests</stat>
</total>
<tag>
</tag>
<suite>
<stat pass="1" fail="0" skip="0" id="s1" name="Robot For Softdev Devops">Robot For Softdev Devops</stat>
<stat pass="1" fail="0" skip="0" id="s1-s1" name="Test-Plus">Robot For Softdev Devops.Test-Plus</stat>
</suite>
</statistics>
<errors>
</errors>
</robot>
